#
# There is insufficient memory for the Java Runtime Environment to continue.
# Native memory allocation (malloc) failed to allocate 186144 bytes for Chunk::new
# Possible reasons:
#   The system is out of physical RAM or swap space
#   In 32 bit mode, the process size limit was hit
# Possible solutions:
#   Reduce memory load on the system
#   Increase physical memory or swap space
#   Check if swap backing store is full
#   Use 64 bit Java on a 64 bit OS
#   Decrease Java heap size (-Xmx/-Xms)
#   Decrease number of Java threads
#   Decrease Java thread stack sizes (-Xss)
#   Set larger code cache with -XX:ReservedCodeCacheSize=
# This output file may be truncated or incomplete.
#
#  Out of Memory Error (allocation.cpp:328), pid=10144, tid=9840
#
# JRE version: 7.0_11-b21
# Java VM: Java HotSpot(TM) 64-Bit Server VM (23.6-b04 mixed mode windows-amd64 compressed oops)
# Failed to write core dump. Minidumps are not enabled by default on client versions of Windows
#

---------------  T H R E A D  ---------------

Current thread (0x0000000009708800):  JavaThread "C2 CompilerThread0" daemon [_thread_in_native, id=9840, stack(0x000000000a4e0000,0x000000000a5e0000)]

Stack: [0x000000000a4e0000,0x000000000a5e0000]

Current CompileTask:
C2: 163244 1471             com.sun.tools.javac.jvm.ClassWriter::writePool (786 bytes)


---------------  P R O C E S S  ---------------

Java Threads: ( => current thread )
  0x000000000b3e4800 JavaThread "Forward streams with process: command 'C:\Program Files\Java\jdk1.7.0_11\bin\java.exe' Thread 3" [_thread_blocked, id=5092, stack(0x000000000f3d0000,0x000000000f4d0000)]
  0x000000000b3e4000 JavaThread "Forward streams with process: command 'C:\Program Files\Java\jdk1.7.0_11\bin\java.exe' Thread 2" [_thread_blocked, id=3588, stack(0x0000000010920000,0x0000000010a20000)]
  0x000000000b3e3000 JavaThread "Forward streams with process: command 'C:\Program Files\Java\jdk1.7.0_11\bin\java.exe'" [_thread_blocked, id=10148, stack(0x0000000010800000,0x0000000010900000)]
  0x000000000b3e2800 JavaThread "Run command 'C:\Program Files\Java\jdk1.7.0_11\bin\java.exe'" [_thread_in_native, id=4536, stack(0x00000000104e0000,0x00000000105e0000)]
  0x000000000b3e1000 JavaThread "Stdin handler" [_thread_blocked, id=9804, stack(0x000000000df50000,0x000000000e050000)]
  0x000000000b3e0000 JavaThread "Daemon worker Thread 2" [_thread_blocked, id=5088, stack(0x000000000e0a0000,0x000000000e1a0000)]
  0x000000000b3df800 JavaThread "Cancel handler" [_thread_blocked, id=7752, stack(0x000000000d990000,0x000000000da90000)]
  0x000000000b3de800 JavaThread "Handler for socket connection from /127.0.0.1:40468 to /127.0.0.1:40912" [_thread_in_native, id=7200, stack(0x000000000ddc0000,0x000000000dec0000)]
  0x000000000b3dd800 JavaThread "Daemon Thread 2" [_thread_blocked, id=2916, stack(0x000000000dc90000,0x000000000dd90000)]
  0x000000000cc46000 JavaThread "File lock request listener" [_thread_in_native, id=7700, stack(0x000000000f2d0000,0x000000000f3d0000)]
  0x000000000c1cb800 JavaThread "Incoming local TCP Connector on port 40468" [_thread_in_native, id=8344, stack(0x000000000daa0000,0x000000000dba0000)]
  0x000000000970f000 JavaThread "Service Thread" daemon [_thread_blocked, id=7240, stack(0x000000000adb0000,0x000000000aeb0000)]
  0x000000000970d800 JavaThread "C2 CompilerThread1" daemon [_thread_in_native, id=9920, stack(0x000000000aba0000,0x000000000aca0000)]
=>0x0000000009708800 JavaThread "C2 CompilerThread0" daemon [_thread_in_native, id=9840, stack(0x000000000a4e0000,0x000000000a5e0000)]
  0x0000000009707000 JavaThread "Attach Listener" daemon [_thread_blocked, id=7588, stack(0x000000000aa00000,0x000000000ab00000)]
  0x0000000009700000 JavaThread "Signal Dispatcher" daemon [_thread_blocked, id=8268, stack(0x000000000a8d0000,0x000000000a9d0000)]
  0x0000000002257000 JavaThread "Finalizer" daemon [_thread_blocked, id=9912, stack(0x000000000a7a0000,0x000000000a8a0000)]
  0x0000000002250000 JavaThread "Reference Handler" daemon [_thread_blocked, id=6324, stack(0x000000000a5f0000,0x000000000a6f0000)]
  0x00000000022cd000 JavaThread "main" [_thread_blocked, id=9852, stack(0x00000000022e0000,0x00000000023e0000)]

Other Threads:
  0x0000000009681800 VMThread [stack: 0x000000000a390000,0x000000000a490000] [id=1228]
  0x0000000009728800 WatcherThread [stack: 0x000000000af90000,0x000000000b090000] [id=10108]

VM state:not at safepoint (normal execution)

VM Mutex/Monitor currently owned by a thread: None

Heap
 PSYoungGen      total 274368K, used 60238K [0x00000000eaab0000, 0x00000000fe7e0000, 0x0000000100000000)
  eden space 244288K, 12% used [0x00000000eaab0000,0x00000000ec8243a8,0x00000000f9940000)
  from space 30080K, 99% used [0x00000000fa450000,0x00000000fc1af720,0x00000000fc1b0000)
  to   space 39104K, 0% used [0x00000000fc1b0000,0x00000000fc1b0000,0x00000000fe7e0000)
 ParOldGen       total 86528K, used 61515K [0x00000000c0000000, 0x00000000c5480000, 0x00000000eaab0000)
  object space 86528K, 71% used [0x00000000c0000000,0x00000000c3c12e68,0x00000000c5480000)
 PSPermGen       total 86208K, used 63781K [0x00000000b0000000, 0x00000000b5430000, 0x00000000c0000000)
  object space 86208K, 73% used [0x00000000b0000000,0x00000000b3e49570,0x00000000b5430000)

Card table byte_map: [0x00000000055d0000,0x0000000005860000] byte_map_base: 0x0000000005050000

Polling page: 0x0000000000330000

Code Cache  [0x0000000002510000, 0x0000000002ab0000, 0x0000000005510000)
 total_blobs=2049 nmethods=1422 adapters=577 free_code_cache=43529Kb largest_free_block=44485696

Compilation events (10 events):
Event: 163.153 Thread 0x000000000970d800 nmethod 1490 0x0000000002a94290 code [0x0000000002a943e0, 0x0000000002a94678]
Event: 163.153 Thread 0x000000000970d800 1491             com.sun.tools.javac.jvm.Code::width (42 bytes)
Event: 163.153 Thread 0x000000000970d800 nmethod 1491 0x0000000002a94090 code [0x0000000002a941c0, 0x0000000002a94218]
Event: 163.153 Thread 0x000000000970d800 1492             com.sun.tools.javac.jvm.ClassWriter::writeFields (68 bytes)
Event: 163.167 Thread 0x000000000970d800 nmethod 1492 0x0000000002aa0d10 code [0x0000000002aa0fa0, 0x0000000002aa1b98]
Event: 163.167 Thread 0x000000000970d800 1493             java.io.DataInputStream::readLong (128 bytes)
Event: 163.168 Thread 0x000000000970d800 nmethod 1493 0x0000000002a93c90 code [0x0000000002a93de0, 0x0000000002a93f38]
Event: 163.168 Thread 0x000000000970d800 1494             com.google.common.cache.LocalCache$StrongAccessEntry::setPreviousInAccessQueue (6 bytes)
Event: 163.169 Thread 0x000000000970d800 nmethod 1494 0x0000000002a93a10 code [0x0000000002a93b40, 0x0000000002a93b98]
Event: 163.169 Thread 0x000000000970d800 1495   !         org.gradle.api.internal.file.FileOrUriNotationParser::convert (306 bytes)

GC Heap History (10 events):
Event: 6.659 GC heap before
{Heap before GC invocations=6 (full 0):
 PSYoungGen      total 135424K, used 135424K [0x00000000eaab0000, 0x00000000fd750000, 0x0000000100000000)
  eden space 130048K, 100% used [0x00000000eaab0000,0x00000000f29b0000,0x00000000f29b0000)
  from space 5376K, 100% used [0x00000000f29b0000,0x00000000f2ef0000,0x00000000f2ef0000)
  to   space 23872K, 0% used [0x00000000fc000000,0x00000000fc000000,0x00000000fd750000)
 ParOldGen       total 86528K, used 32971K [0x00000000c0000000, 0x00000000c5480000, 0x00000000eaab0000)
  object space 86528K, 38% used [0x00000000c0000000,0x00000000c2032c40,0x00000000c5480000)
 PSPermGen       total 42368K, used 42220K [0x00000000b0000000, 0x00000000b2960000, 0x00000000c0000000)
  object space 42368K, 99% used [0x00000000b0000000,0x00000000b293b3f0,0x00000000b2960000)
Event: 6.678 GC heap after
Heap after GC invocations=6 (full 0):
 PSYoungGen      total 281984K, used 18732K [0x00000000eaab0000, 0x00000000fdb30000, 0x0000000100000000)
  eden space 258112K, 0% used [0x00000000eaab0000,0x00000000eaab0000,0x00000000fa6c0000)
  from space 23872K, 78% used [0x00000000fc000000,0x00000000fd24b2f0,0x00000000fd750000)
  to   space 25856K, 0% used [0x00000000fa6c0000,0x00000000fa6c0000,0x00000000fc000000)
 ParOldGen       total 86528K, used 32971K [0x00000000c0000000, 0x00000000c5480000, 0x00000000eaab0000)
  object space 86528K, 38% used [0x00000000c0000000,0x00000000c2032c40,0x00000000c5480000)
 PSPermGen       total 42368K, used 42220K [0x00000000b0000000, 0x00000000b2960000, 0x00000000c0000000)
  object space 42368K, 99% used [0x00000000b0000000,0x00000000b293b3f0,0x00000000b2960000)
}
Event: 6.839 GC heap before
{Heap before GC invocations=7 (full 0):
 PSYoungGen      total 281984K, used 32995K [0x00000000eaab0000, 0x00000000fdb30000, 0x0000000100000000)
  eden space 258112K, 5% used [0x00000000eaab0000,0x00000000eb89dbd0,0x00000000fa6c0000)
  from space 23872K, 78% used [0x00000000fc000000,0x00000000fd24b2f0,0x00000000fd750000)
  to   space 25856K, 0% used [0x00000000fa6c0000,0x00000000fa6c0000,0x00000000fc000000)
 ParOldGen       total 86528K, used 32971K [0x00000000c0000000, 0x00000000c5480000, 0x00000000eaab0000)
  object space 86528K, 38% used [0x00000000c0000000,0x00000000c2032c40,0x00000000c5480000)
 PSPermGen       total 43136K, used 42979K [0x00000000b0000000, 0x00000000b2a20000, 0x00000000c0000000)
  object space 43136K, 99% used [0x00000000b0000000,0x00000000b29f8ff0,0x00000000b2a20000)
Event: 6.863 GC heap after
Heap after GC invocations=7 (full 0):
 PSYoungGen      total 283968K, used 16090K [0x00000000eaab0000, 0x00000000fdab0000, 0x0000000100000000)
  eden space 258112K, 0% used [0x00000000eaab0000,0x00000000eaab0000,0x00000000fa6c0000)
  from space 25856K, 62% used [0x00000000fa6c0000,0x00000000fb676900,0x00000000fc000000)
  to   space 25600K, 0% used [0x00000000fc1b0000,0x00000000fc1b0000,0x00000000fdab0000)
 ParOldGen       total 86528K, used 34292K [0x00000000c0000000, 0x00000000c5480000, 0x00000000eaab0000)
  object space 86528K, 39% used [0x00000000c0000000,0x00000000c217d000,0x00000000c5480000)
 PSPermGen       total 43136K, used 42979K [0x00000000b0000000, 0x00000000b2a20000, 0x00000000c0000000)
  object space 43136K, 99% used [0x00000000b0000000,0x00000000b29f8ff0,0x00000000b2a20000)
}
Event: 6.863 GC heap before
{Heap before GC invocations=8 (full 1):
 PSYoungGen      total 283968K, used 16090K [0x00000000eaab0000, 0x00000000fdab0000, 0x0000000100000000)
  eden space 258112K, 0% used [0x00000000eaab0000,0x00000000eaab0000,0x00000000fa6c0000)
  from space 25856K, 62% used [0x00000000fa6c0000,0x00000000fb676900,0x00000000fc000000)
  to   space 25600K, 0% used [0x00000000fc1b0000,0x00000000fc1b0000,0x00000000fdab0000)
 ParOldGen       total 86528K, used 34292K [0x00000000c0000000, 0x00000000c5480000, 0x00000000eaab0000)
  object space 86528K, 39% used [0x00000000c0000000,0x00000000c217d000,0x00000000c5480000)
 PSPermGen       total 43136K, used 42979K [0x00000000b0000000, 0x00000000b2a20000, 0x00000000c0000000)
  object space 43136K, 99% used [0x00000000b0000000,0x00000000b29f8ff0,0x00000000b2a20000)
Event: 7.079 GC heap after
Heap after GC invocations=8 (full 1):
 PSYoungGen      total 283968K, used 0K [0x00000000eaab0000, 0x00000000fdab0000, 0x0000000100000000)
  eden space 258112K, 0% used [0x00000000eaab0000,0x00000000eaab0000,0x00000000fa6c0000)
  from space 25856K, 0% used [0x00000000fa6c0000,0x00000000fa6c0000,0x00000000fc000000)
  to   space 25600K, 0% used [0x00000000fc1b0000,0x00000000fc1b0000,0x00000000fdab0000)
 ParOldGen       total 86528K, used 45934K [0x00000000c0000000, 0x00000000c5480000, 0x00000000eaab0000)
  object space 86528K, 53% used [0x00000000c0000000,0x00000000c2cdb950,0x00000000c5480000)
 PSPermGen       total 86208K, used 42955K [0x00000000b0000000, 0x00000000b5430000, 0x00000000c0000000)
  object space 86208K, 49% used [0x00000000b0000000,0x00000000b29f2c00,0x00000000b5430000)
}
Event: 48.584 GC heap before
{Heap before GC invocations=9 (full 1):
 PSYoungGen      total 283968K, used 258112K [0x00000000eaab0000, 0x00000000fdab0000, 0x0000000100000000)
  eden space 258112K, 100% used [0x00000000eaab0000,0x00000000fa6c0000,0x00000000fa6c0000)
  from space 25856K, 0% used [0x00000000fa6c0000,0x00000000fa6c0000,0x00000000fc000000)
  to   space 25600K, 0% used [0x00000000fc1b0000,0x00000000fc1b0000,0x00000000fdab0000)
 ParOldGen       total 86528K, used 45934K [0x00000000c0000000, 0x00000000c5480000, 0x00000000eaab0000)
  object space 86528K, 53% used [0x00000000c0000000,0x00000000c2cdb950,0x00000000c5480000)
 PSPermGen       total 86208K, used 52807K [0x00000000b0000000, 0x00000000b5430000, 0x00000000c0000000)
  object space 86208K, 61% used [0x00000000b0000000,0x00000000b3391da0,0x00000000b5430000)
Event: 48.602 GC heap after
Heap after GC invocations=9 (full 1):
 PSYoungGen      total 281216K, used 25578K [0x00000000eaab0000, 0x0000000100000000, 0x0000000100000000)
  eden space 255616K, 0% used [0x00000000eaab0000,0x00000000eaab0000,0x00000000fa450000)
  from space 25600K, 99% used [0x00000000fc1b0000,0x00000000fdaaa918,0x00000000fdab0000)
  to   space 30080K, 0% used [0x00000000fa450000,0x00000000fa450000,0x00000000fc1b0000)
 ParOldGen       total 86528K, used 47247K [0x00000000c0000000, 0x00000000c5480000, 0x00000000eaab0000)
  object space 86528K, 54% used [0x00000000c0000000,0x00000000c2e23eb0,0x00000000c5480000)
 PSPermGen       total 86208K, used 52807K [0x00000000b0000000, 0x00000000b5430000, 0x00000000c0000000)
  object space 86208K, 61% used [0x00000000b0000000,0x00000000b3391da0,0x00000000b5430000)
}
Event: 162.811 GC heap before
{Heap before GC invocations=10 (full 1):
 PSYoungGen      total 281216K, used 281194K [0x00000000eaab0000, 0x0000000100000000, 0x0000000100000000)
  eden space 255616K, 100% used [0x00000000eaab0000,0x00000000fa450000,0x00000000fa450000)
  from space 25600K, 99% used [0x00000000fc1b0000,0x00000000fdaaa918,0x00000000fdab0000)
  to   space 30080K, 0% used [0x00000000fa450000,0x00000000fa450000,0x00000000fc1b0000)
 ParOldGen       total 86528K, used 47247K [0x00000000c0000000, 0x00000000c5480000, 0x00000000eaab0000)
  object space 86528K, 54% used [0x00000000c0000000,0x00000000c2e23eb0,0x00000000c5480000)
 PSPermGen       total 86208K, used 63561K [0x00000000b0000000, 0x00000000b5430000, 0x00000000c0000000)
  object space 86208K, 73% used [0x00000000b0000000,0x00000000b3e12720,0x00000000b5430000)
Event: 162.846 GC heap after
Heap after GC invocations=10 (full 1):
 PSYoungGen      total 274368K, used 30077K [0x00000000eaab0000, 0x00000000fe7e0000, 0x0000000100000000)
  eden space 244288K, 0% used [0x00000000eaab0000,0x00000000eaab0000,0x00000000f9940000)
  from space 30080K, 99% used [0x00000000fa450000,0x00000000fc1af720,0x00000000fc1b0000)
  to   space 39104K, 0% used [0x00000000fc1b0000,0x00000000fc1b0000,0x00000000fe7e0000)
 ParOldGen       total 86528K, used 61515K [0x00000000c0000000, 0x00000000c5480000, 0x00000000eaab0000)
  object space 86528K, 71% used [0x00000000c0000000,0x00000000c3c12e68,0x00000000c5480000)
 PSPermGen       total 86208K, used 63561K [0x00000000b0000000, 0x00000000b5430000, 0x00000000c0000000)
  object space 86208K, 73% used [0x00000000b0000000,0x00000000b3e12720,0x00000000b5430000)
}

Deoptimization events (10 events):
Event: 162.248 Thread 0x000000000b3e0000 Uncommon trap -42 fr.pc 0x000000000293bea0
Event: 162.255 Thread 0x000000000b3e0000 Uncommon trap -42 fr.pc 0x000000000293bea0
Event: 162.770 Thread 0x000000000b3e0000 Uncommon trap -83 fr.pc 0x00000000026f6b80
Event: 162.862 Thread 0x000000000b3e0000 Uncommon trap -28 fr.pc 0x0000000002971f14
Event: 162.940 Thread 0x000000000b3e0000 Uncommon trap -83 fr.pc 0x0000000002990b0c
Event: 162.952 Thread 0x000000000b3e0000 Uncommon trap -12 fr.pc 0x00000000029c756c
Event: 163.010 Thread 0x000000000b3e0000 Uncommon trap -83 fr.pc 0x00000000029c36d4
Event: 163.029 Thread 0x000000000b3e0000 Uncommon trap -58 fr.pc 0x00000000029a821c
Event: 163.031 Thread 0x000000000b3e0000 Uncommon trap -58 fr.pc 0x00000000029a6604
Event: 163.101 Thread 0x000000000b3e0000 Uncommon trap -34 fr.pc 0x000000000297a6b8

Internal exceptions (10 events):
Event: 162.642 Thread 0x000000000b3e0000 Threw 0x00000000f9d822b0 at C:\jdk7u1_64p\jdk7u11\hotspot\src\share\vm\classfile\systemDictionary.cpp:179
Event: 162.642 Thread 0x000000000b3e0000 Threw 0x00000000f9d866c8 at C:\jdk7u1_64p\jdk7u11\hotspot\src\share\vm\prims\jvm.cpp:1166
Event: 162.643 Thread 0x000000000b3e0000 Threw 0x00000000f9d87480 at C:\jdk7u1_64p\jdk7u11\hotspot\src\share\vm\prims\jvm.cpp:1166
Event: 162.643 Thread 0x000000000b3e0000 Threw 0x00000000f9d880e0 at C:\jdk7u1_64p\jdk7u11\hotspot\src\share\vm\prims\jvm.cpp:1166
Event: 162.643 Thread 0x000000000b3e0000 Threw 0x00000000f9d8d1c8 at C:\jdk7u1_64p\jdk7u11\hotspot\src\share\vm\prims\jvm.cpp:1166
Event: 162.643 Thread 0x000000000b3e0000 Threw 0x00000000f9d8d678 at C:\jdk7u1_64p\jdk7u11\hotspot\src\share\vm\classfile\systemDictionary.cpp:179
Event: 162.952 Thread 0x000000000b3e0000 Implicit null exception at 0x00000000029c5298 to 0x00000000029c7525
Event: 163.149 Thread 0x000000000b3e0000 Threw 0x00000000ec36f440 at C:\jdk7u1_64p\jdk7u11\hotspot\src\share\vm\prims\jvm.cpp:1166
Event: 163.149 Thread 0x000000000b3e0000 Threw 0x00000000ec3705d0 at C:\jdk7u1_64p\jdk7u11\hotspot\src\share\vm\prims\jvm.cpp:1166
Event: 163.149 Thread 0x000000000b3e0000 Threw 0x00000000ec37b748 at C:\jdk7u1_64p\jdk7u11\hotspot\src\share\vm\prims\jvm.cpp:1166

Events (10 events):
Event: 163.149 loading class 0x000000000fa9f0d0
Event: 163.149 loading class 0x000000000fa9f0d0 done
Event: 163.150 Thread 0x000000000b3e2800 Thread added: 0x000000000b3e2800
Event: 163.154 Thread 0x000000000b3e1800 Thread added: 0x000000000b3e1800
Event: 163.154 Thread 0x000000000b3e3000 Thread added: 0x000000000b3e3000
Event: 163.154 Thread 0x000000000b3e4000 Thread added: 0x000000000b3e4000
Event: 163.154 Thread 0x000000000b3e4800 Thread added: 0x000000000b3e4800
Event: 163.158 Executing VM operation: RevokeBias
Event: 163.160 Executing VM operation: RevokeBias done
Event: 163.160 Thread 0x000000000b3e1800 Thread exited: 0x000000000b3e1800


Dynamic libraries:
0x000000013f7b0000 - 0x000000013f7e3000 	C:\Program Files\Java\jdk1.7.0_11\bin\java.exe
0x00000000776f0000 - 0x0000000077899000 	C:\Windows\SYSTEM32\ntdll.dll
0x00000000774d0000 - 0x00000000775ef000 	C:\Windows\system32\kernel32.dll
0x000007fefd740000 - 0x000007fefd7ac000 	C:\Windows\system32\KERNELBASE.dll
0x000007fefeb80000 - 0x000007fefec5b000 	C:\Windows\system32\ADVAPI32.dll
0x000007feff960000 - 0x000007feff9ff000 	C:\Windows\system32\msvcrt.dll
0x000007feff8c0000 - 0x000007feff8df000 	C:\Windows\SYSTEM32\sechost.dll
0x000007fefec90000 - 0x000007fefedbd000 	C:\Windows\system32\RPCRT4.dll
0x00000000775f0000 - 0x00000000776ea000 	C:\Windows\system32\USER32.dll
0x000007fefda50000 - 0x000007fefdab7000 	C:\Windows\system32\GDI32.dll
0x000007fefdac0000 - 0x000007fefdace000 	C:\Windows\system32\LPK.dll
0x000007fefd980000 - 0x000007fefda49000 	C:\Windows\system32\USP10.dll
0x000007fefcd80000 - 0x000007fefcf74000 	C:\Windows\WinSxS\amd64_microsoft.windows.common-controls_6595b64144ccf1df_6.0.7601.18837_none_fa3b1e3d17594757\COMCTL32.dll
0x000007feff8e0000 - 0x000007feff951000 	C:\Windows\system32\SHLWAPI.dll
0x000007fefec60000 - 0x000007fefec8e000 	C:\Windows\system32\IMM32.DLL
0x000007feff7b0000 - 0x000007feff8b9000 	C:\Windows\system32\MSCTF.dll
0x000007fefd3d0000 - 0x000007fefd401000 	C:\Windows\system32\nvinitx.dll
0x000007fefd3c0000 - 0x000007fefd3cc000 	C:\Windows\system32\VERSION.dll
0x0000000063d90000 - 0x0000000063e61000 	C:\Program Files\Java\jdk1.7.0_11\jre\bin\msvcr100.dll
0x0000000052e60000 - 0x000000005357f000 	C:\Program Files\Java\jdk1.7.0_11\jre\bin\server\jvm.dll
0x000007fef8d30000 - 0x000007fef8d39000 	C:\Windows\system32\WSOCK32.dll
0x000007fefe860000 - 0x000007fefe8ad000 	C:\Windows\system32\WS2_32.dll
0x000007fefe990000 - 0x000007fefe998000 	C:\Windows\system32\NSI.dll
0x000007fefc250000 - 0x000007fefc28b000 	C:\Windows\system32\WINMM.dll
0x00000000778c0000 - 0x00000000778c7000 	C:\Windows\system32\PSAPI.DLL
0x0000000064a40000 - 0x0000000064a4f000 	C:\Program Files\Java\jdk1.7.0_11\jre\bin\verify.dll
0x00000000640f0000 - 0x0000000064118000 	C:\Program Files\Java\jdk1.7.0_11\jre\bin\java.dll
0x0000000064690000 - 0x00000000646a5000 	C:\Program Files\Java\jdk1.7.0_11\jre\bin\zip.dll
0x00000000640d0000 - 0x00000000640e9000 	C:\Program Files\Java\jdk1.7.0_11\jre\bin\net.dll
0x000007fefc9c0000 - 0x000007fefca15000 	C:\Windows\system32\mswsock.dll
0x000007fefca70000 - 0x000007fefca77000 	C:\Windows\System32\wship6.dll
0x00000000640b0000 - 0x00000000640c1000 	C:\Program Files\Java\jdk1.7.0_11\jre\bin\nio.dll
0x000007fefca80000 - 0x000007fefca98000 	C:\Windows\system32\CRYPTSP.dll
0x000007fefc670000 - 0x000007fefc6b7000 	C:\Windows\system32\rsaenh.dll
0x000007fefd4e0000 - 0x000007fefd4fe000 	C:\Windows\system32\USERENV.dll
0x000007fefd4a0000 - 0x000007fefd4af000 	C:\Windows\system32\profapi.dll
0x000007fefd2f0000 - 0x000007fefd2ff000 	C:\Windows\system32\CRYPTBASE.dll
0x000007fefd190000 - 0x000007fefd1a5000 	C:\Windows\system32\NLAapi.dll
0x000007fef1400000 - 0x000007fef1415000 	C:\Windows\system32\napinsp.dll
0x000007fef13e0000 - 0x000007fef13f9000 	C:\Windows\system32\pnrpnsp.dll
0x000007fef13d0000 - 0x000007fef13db000 	C:\Windows\System32\winrnr.dll
0x00000000739d0000 - 0x00000000739f6000 	C:\Program Files\Bonjour\mdnsNSP.dll
0x000007fef9f80000 - 0x000007fef9fa7000 	C:\Windows\system32\Iphlpapi.DLL
0x000007fef9f70000 - 0x000007fef9f7b000 	C:\Windows\system32\WINNSI.DLL
0x000007fef8110000 - 0x000007fef813f000 	C:\Program Files\Common Files\Microsoft Shared\Windows Live\WLIDNSP.DLL
0x000007fef80e0000 - 0x000007fef80f2000 	C:\Windows\system32\PrxerNsp.dll
0x000007fefc790000 - 0x000007fefc7eb000 	C:\Windows\system32\DNSAPI.dll
0x000007fef13a0000 - 0x000007fef13b0000 	C:\Windows\system32\wshbth.dll
0x000007fefbca0000 - 0x000007fefbca7000 	C:\Windows\System32\wshtcpip.dll
0x000007fef8100000 - 0x000007fef8108000 	C:\Windows\system32\rasadhlp.dll
0x000007fef9da0000 - 0x000007fef9df3000 	C:\Windows\System32\fwpuclnt.dll
0x000007fefa850000 - 0x000007fefa862000 	C:\Users\Daniel\AppData\Local\Temp\native-platform7354511624904134703dir\native-platform.dll
0x000007fef9d70000 - 0x000007fef9d81000 	C:\Windows\system32\dhcpcsvc6.DLL
0x000007fef9d50000 - 0x000007fef9d68000 	C:\Windows\system32\dhcpcsvc.DLL
0x000007fefd290000 - 0x000007fefd2e7000 	C:\Windows\system32\apphelp.dll

VM Arguments:
jvm_args: -XX:MaxPermSize=256m -XX:+HeapDumpOnOutOfMemoryError -Xmx1024m -Dfile.encoding=windows-1252 -Duser.country=US -Duser.language=en -Duser.variant 
java_command: org.gradle.launcher.daemon.bootstrap.GradleDaemon 2.2.1 C:\Users\Daniel\.gradle\daemon 10800000 171f1a26-8434-4028-b5e5-a76cb10ee226 -XX:MaxPermSize=256m -XX:+HeapDumpOnOutOfMemoryError -Xmx1024m -Dfile.encoding=windows-1252 -Duser.country=US -Duser.language=en -Duser.variant
Launcher Type: SUN_STANDARD

Environment Variables:
PATH=C:\ProgramData\Oracle\Java\javapath;C:\Program Files\Common Files\Microsoft Shared\Windows Live;C:\Program Files (x86)\Common Files\Microsoft Shared\Windows Live;C:\Program Files\Java\jdk1.7.0_21\bin;C:\Program Files (x86)\Common Files\Acronis\SnapAPI\;C:\Program Files (x86)\Windows Live\Shared;C:\Program Files (x86)\QuickTime\QTSystem\;C:\Program Files (x86)\NVIDIA Corporation\PhysX\Common;C:\Program Files (x86)\GNU\GnuPG\pub;C:\Program Files (x86)\Skype\Phone\;C:\Program Files\Bluetooth Software\;C:\Program Files\Bluetooth Software\syswow64;;C:\MinGW\bin;C:\Program Files (x86)\SSH Communications Security\SSH Secure Shell
USERNAME=Daniel
OS=Windows_NT
PROCESSOR_IDENTIFIER=Intel64 Family 6 Model 42 Stepping 7, GenuineIntel



---------------  S Y S T E M  ---------------

OS: Windows 7 , 64 bit Build 7601 Service Pack 1

CPU:total 4 (4 cores per cpu, 1 threads per core) family 6 model 42 stepping 7, cmov, cx8, fxsr, mmx, sse, sse2, sse3, ssse3, sse4.1, sse4.2, popcnt, avx, tsc, tscinvbit

Memory: 4k page, physical 8303736k(1638956k free), swap 11447628k(209724k free)

vm_info: Java HotSpot(TM) 64-Bit Server VM (23.6-b04) for windows-amd64 JRE (1.7.0_11-b21), built on Jan 12 2013 02:38:42 by "java_re" with unknown MS VC++:1600

time: Wed Jul 22 14:36:01 2015
elapsed time: 163 seconds

